Using pre-set license
Built from '2020.3/staging' branch; Version is '2020.3.3f1 (76626098c1c4) revision 7758432'; Using compiler version '192528614'; Build Type 'Release'
OS: 'Windows 10 Home Single Language; OS build 19041.985; Version 2004; 64bit' Language: 'ko' Physical Memory: 16183 MB
BatchMode: 1, IsHumanControllingUs: 0, StartBugReporterOnCrash: 0, Is64bit: 1, IsPro: 0

 COMMAND LINE ARGUMENTS:
C:\Program Files\Unity\Hub\Editor\2020.3.3f1\Editor\Unity.exe
-adb2
-batchMode
-noUpm
-name
AssetImportWorker0
-projectPath
C:/Users/82103/Downloads/Quest2_ShootingAlien
-logFile
Logs/AssetImportWorker0.log
-srvPort
60483
Successfully changed project path to: C:/Users/82103/Downloads/Quest2_ShootingAlien
C:/Users/82103/Downloads/Quest2_ShootingAlien
Using Asset Import Pipeline V2.
Refreshing native plugins compatible for Editor in 37.03 ms, found 3 plugins.
Preloading 1 native plugins for Editor in 0.77 ms.
Initialize engine version: 2020.3.3f1 (76626098c1c4)
[Subsystems] Discovering subsystems at path C:/Program Files/Unity/Hub/Editor/2020.3.3f1/Editor/Data/Resources/UnitySubsystems
[Subsystems] Discovering subsystems at path C:/Users/82103/Downloads/Quest2_ShootingAlien/Assets
GfxDevice: creating device client; threaded=0
Direct3D:
    Version:  Direct3D 11.0 [level 11.1]
    Renderer: Intel(R) Iris(R) Xe Graphics (ID=0x9a49)
    Vendor:   
    VRAM:     8091 MB
    Driver:   27.20.100.8853
Initialize mono
Mono path[0] = 'C:/Program Files/Unity/Hub/Editor/2020.3.3f1/Editor/Data/Managed'
Mono path[1] = 'C:/Program Files/Unity/Hub/Editor/2020.3.3f1/Editor/Data/MonoBleedingEdge/lib/mono/unityjit'
Mono config path = 'C:/Program Files/Unity/Hub/Editor/2020.3.3f1/Editor/Data/MonoBleedingEdge/etc'
Using monoOptions --debugger-agent=transport=dt_socket,embedding=1,server=y,suspend=n,address=127.0.0.1:56256
Begin MonoManager ReloadAssembly
Registering precompiled unity dll's ...
Register platform support module: C:/Program Files/Unity/Hub/Editor/2020.3.3f1/Editor/Data/PlaybackEngines/WindowsStandaloneSupport/UnityEditor.WindowsStandalone.Extensions.dll
Registered in 0.001124 seconds.
Native extension for WindowsStandalone target not found
Refreshing native plugins compatible for Editor in 23.52 ms, found 3 plugins.
Preloading 1 native plugins for Editor in 0.07 ms.
Invoked RoslynAnalysisRunner static constructor.
RoslynAnalysisRunner will not be running.
RoslynAnalysisRunner has terminated.
Mono: successfully reloaded assembly
- Completed reload, in  1.113 seconds
Platform modules already initialized, skipping
Registering precompiled user dll's ...
Registered in 0.002058 seconds.
Begin MonoManager ReloadAssembly
Native extension for WindowsStandalone target not found
Refreshing native plugins compatible for Editor in 23.48 ms, found 3 plugins.
Preloading 1 native plugins for Editor in 0.06 ms.
Invoked RoslynAnalysisRunner static constructor.
RoslynAnalysisRunner will not be running.
RoslynAnalysisRunner has terminated.
[XR] OculusXRPlugin: registering subsystems
[XR] Unable to register display lifecyle provider: [1]
[XR] Oculus Input lifecycle provider registered.
[XR] Unable to register input lifecyle provider: [1]
NullReferenceException: Object reference not set to an instance of an object
  at Unity.XR.Oculus.OculusLoader.AssetPathToAbsolutePath (System.String assetPath) [0x00048] in C:\Users\user\Downloads\Quest2_ShootingAlien\Library\PackageCache\com.unity.xr.oculus@1.8.1\Runtime\OculusLoader.cs:243 
  at Unity.XR.Oculus.OculusLoader.EditorLoadOVRPlugin () [0x0007b] in C:\Users\user\Downloads\Quest2_ShootingAlien\Library\PackageCache\com.unity.xr.oculus@1.8.1\Runtime\OculusLoader.cs:228 

(Filename: C:/Users/user/Downloads/Quest2_ShootingAlien/Library/PackageCache/com.unity.xr.oculus@1.8.1/Runtime/OculusLoader.cs Line: 243)

Mono: successfully reloaded assembly
- Completed reload, in  0.625 seconds
Platform modules already initialized, skipping
========================================================================
Worker process is ready to serve import requests
Launched and connected shader compiler UnityShaderCompiler.exe after 0.03 seconds
Refreshing native plugins compatible for Editor in 0.30 ms, found 3 plugins.
Preloading 1 native plugins for Editor in 0.06 ms.
Unloading 1655 Unused Serialized files (Serialized files now loaded: 0)
System memory in use before: 77.5 MB.
System memory in use after: 77.6 MB.

Unloading 12 unused Assets to reduce memory usage. Loaded Objects now: 2107.
Total: 1.831200 ms (FindLiveObjects: 0.115200 ms CreateObjectMapping: 0.027500 ms MarkObjects: 1.558300 ms  DeleteObjects: 0.129000 ms)

========================================================================
Received Import Request.
  path: Assets/Images
  artifactKey: Guid(4d768d642be60f14cb0d73006e4a44e8) Importer(815301076,1909f56bfc062723c751e8b465ee728b)
Start importing Assets/Images using Guid(4d768d642be60f14cb0d73006e4a44e8) Importer(815301076,1909f56bfc062723c751e8b465ee728b)  -> (artifact id: '3a18b2117ab07a34f7774931fa7d9b85') in 0.017611 seconds
  Import took 0.021347 seconds .

========================================================================
Received Import Request.
  Time since last request: 39.698529 seconds.
  path: Assets/Materials
  artifactKey: Guid(2b475afff8352414c89125141a9f6eca) Importer(815301076,1909f56bfc062723c751e8b465ee728b)
Start importing Assets/Materials using Guid(2b475afff8352414c89125141a9f6eca) Importer(815301076,1909f56bfc062723c751e8b465ee728b)  -> (artifact id: '95765e1ab29d38a3a449e2fdb8f3f0f1') in 0.010439 seconds
  Import took 0.013325 seconds .

========================================================================
Received Prepare
Registering precompiled user dll's ...
Registered in 0.001035 seconds.
Begin MonoManager ReloadAssembly
Native extension for WindowsStandalone target not found
Refreshing native plugins compatible for Editor in 0.30 ms, found 3 plugins.
Preloading 1 native plugins for Editor in 0.07 ms.
Invoked RoslynAnalysisRunner static constructor.
RoslynAnalysisRunner will not be running.
RoslynAnalysisRunner has terminated.
NullReferenceException: Object reference not set to an instance of an object
  at Unity.XR.Oculus.OculusLoader.AssetPathToAbsolutePath (System.String assetPath) [0x00048] in C:\Users\user\Downloads\Quest2_ShootingAlien\Library\PackageCache\com.unity.xr.oculus@1.8.1\Runtime\OculusLoader.cs:243 
  at Unity.XR.Oculus.OculusLoader.EditorLoadOVRPlugin () [0x0007b] in C:\Users\user\Downloads\Quest2_ShootingAlien\Library\PackageCache\com.unity.xr.oculus@1.8.1\Runtime\OculusLoader.cs:228 

(Filename: C:/Users/user/Downloads/Quest2_ShootingAlien/Library/PackageCache/com.unity.xr.oculus@1.8.1/Runtime/OculusLoader.cs Line: 243)

Mono: successfully reloaded assembly
- Completed reload, in  0.745 seconds
Platform modules already initialized, skipping
Switching build target platform(5) subTarget(0) extendedPlatform(0) -> platform(13) subTarget(524288) extendedPlatform(0)
Refreshing native plugins compatible for Editor in 0.34 ms, found 3 plugins.
Preloading 1 native plugins for Editor in 0.08 ms.
Unloading 1641 Unused Serialized files (Serialized files now loaded: 0)
System memory in use before: 77.2 MB.
System memory in use after: 77.3 MB.

Unloading 6 unused Assets to reduce memory usage. Loaded Objects now: 2111.
Total: 1.619600 ms (FindLiveObjects: 0.123600 ms CreateObjectMapping: 0.030400 ms MarkObjects: 1.449500 ms  DeleteObjects: 0.014900 ms)

AssetImportParameters requested are different than current active one (requested -> active):
  custom:graphics/normal-map-encoding: 01000000000000000000000000000000 -> 02000000000000000000000000000000
========================================================================
Received Prepare
Registering precompiled user dll's ...
Registered in 0.001019 seconds.
Begin MonoManager ReloadAssembly
Native extension for WindowsStandalone target not found
Refreshing native plugins compatible for Editor in 0.31 ms, found 3 plugins.
Preloading 1 native plugins for Editor in 0.07 ms.
Invoked RoslynAnalysisRunner static constructor.
RoslynAnalysisRunner will not be running.
RoslynAnalysisRunner has terminated.
NullReferenceException: Object reference not set to an instance of an object
  at Unity.XR.Oculus.OculusLoader.AssetPathToAbsolutePath (System.String assetPath) [0x00048] in C:\Users\user\Downloads\Quest2_ShootingAlien\Library\PackageCache\com.unity.xr.oculus@1.8.1\Runtime\OculusLoader.cs:243 
  at Unity.XR.Oculus.OculusLoader.EditorLoadOVRPlugin () [0x0007b] in C:\Users\user\Downloads\Quest2_ShootingAlien\Library\PackageCache\com.unity.xr.oculus@1.8.1\Runtime\OculusLoader.cs:228 

(Filename: C:/Users/user/Downloads/Quest2_ShootingAlien/Library/PackageCache/com.unity.xr.oculus@1.8.1/Runtime/OculusLoader.cs Line: 243)

Mono: successfully reloaded assembly
- Completed reload, in  0.593 seconds
Platform modules already initialized, skipping
Switching build target platform(5) subTarget(0) extendedPlatform(0) -> platform(13) subTarget(524288) extendedPlatform(0)
Refreshing native plugins compatible for Editor in 0.49 ms, found 3 plugins.
Preloading 1 native plugins for Editor in 0.07 ms.
Unloading 1641 Unused Serialized files (Serialized files now loaded: 0)
System memory in use before: 77.2 MB.
System memory in use after: 77.3 MB.

Unloading 6 unused Assets to reduce memory usage. Loaded Objects now: 2115.
Total: 1.704200 ms (FindLiveObjects: 0.116100 ms CreateObjectMapping: 0.028000 ms MarkObjects: 1.545900 ms  DeleteObjects: 0.013400 ms)

AssetImportParameters requested are different than current active one (requested -> active):
  custom:graphics/normal-map-encoding: 01000000000000000000000000000000 -> 02000000000000000000000000000000
========================================================================
Received Prepare
Registering precompiled user dll's ...
Registered in 0.001380 seconds.
Begin MonoManager ReloadAssembly
Native extension for WindowsStandalone target not found
Refreshing native plugins compatible for Editor in 0.38 ms, found 3 plugins.
Preloading 1 native plugins for Editor in 0.12 ms.
Invoked RoslynAnalysisRunner static constructor.
RoslynAnalysisRunner will not be running.
RoslynAnalysisRunner has terminated.
NullReferenceException: Object reference not set to an instance of an object
  at Unity.XR.Oculus.OculusLoader.AssetPathToAbsolutePath (System.String assetPath) [0x00048] in C:\Users\user\Downloads\Quest2_ShootingAlien\Library\PackageCache\com.unity.xr.oculus@1.8.1\Runtime\OculusLoader.cs:243 
  at Unity.XR.Oculus.OculusLoader.EditorLoadOVRPlugin () [0x0007b] in C:\Users\user\Downloads\Quest2_ShootingAlien\Library\PackageCache\com.unity.xr.oculus@1.8.1\Runtime\OculusLoader.cs:228 

(Filename: C:/Users/user/Downloads/Quest2_ShootingAlien/Library/PackageCache/com.unity.xr.oculus@1.8.1/Runtime/OculusLoader.cs Line: 243)

Mono: successfully reloaded assembly
- Completed reload, in  0.739 seconds
Platform modules already initialized, skipping
Switching build target platform(5) subTarget(0) extendedPlatform(0) -> platform(13) subTarget(524288) extendedPlatform(0)
Refreshing native plugins compatible for Editor in 0.34 ms, found 3 plugins.
Preloading 1 native plugins for Editor in 0.08 ms.
Unloading 1641 Unused Serialized files (Serialized files now loaded: 0)
System memory in use before: 77.3 MB.
System memory in use after: 77.4 MB.

Unloading 6 unused Assets to reduce memory usage. Loaded Objects now: 2119.
Total: 1.711800 ms (FindLiveObjects: 0.132300 ms CreateObjectMapping: 0.033500 ms MarkObjects: 1.528400 ms  DeleteObjects: 0.016100 ms)

AssetImportParameters requested are different than current active one (requested -> active):
  custom:graphics/normal-map-encoding: 01000000000000000000000000000000 -> 02000000000000000000000000000000
========================================================================
Received Prepare
Registering precompiled user dll's ...
Registered in 0.001125 seconds.
Begin MonoManager ReloadAssembly
Native extension for WindowsStandalone target not found
Refreshing native plugins compatible for Editor in 0.47 ms, found 3 plugins.
Preloading 1 native plugins for Editor in 0.08 ms.
Invoked RoslynAnalysisRunner static constructor.
RoslynAnalysisRunner will not be running.
RoslynAnalysisRunner has terminated.
NullReferenceException: Object reference not set to an instance of an object
  at Unity.XR.Oculus.OculusLoader.AssetPathToAbsolutePath (System.String assetPath) [0x00048] in C:\Users\user\Downloads\Quest2_ShootingAlien\Library\PackageCache\com.unity.xr.oculus@1.8.1\Runtime\OculusLoader.cs:243 
  at Unity.XR.Oculus.OculusLoader.EditorLoadOVRPlugin () [0x0007b] in C:\Users\user\Downloads\Quest2_ShootingAlien\Library\PackageCache\com.unity.xr.oculus@1.8.1\Runtime\OculusLoader.cs:228 

(Filename: C:/Users/user/Downloads/Quest2_ShootingAlien/Library/PackageCache/com.unity.xr.oculus@1.8.1/Runtime/OculusLoader.cs Line: 243)

Mono: successfully reloaded assembly
- Completed reload, in  0.661 seconds
Platform modules already initialized, skipping
Switching build target platform(5) subTarget(0) extendedPlatform(0) -> platform(13) subTarget(524288) extendedPlatform(0)
Refreshing native plugins compatible for Editor in 0.33 ms, found 3 plugins.
Preloading 1 native plugins for Editor in 0.06 ms.
Unloading 1641 Unused Serialized files (Serialized files now loaded: 0)
System memory in use before: 77.3 MB.
System memory in use after: 77.4 MB.

Unloading 6 unused Assets to reduce memory usage. Loaded Objects now: 2123.
Total: 1.481500 ms (FindLiveObjects: 0.114600 ms CreateObjectMapping: 0.025200 ms MarkObjects: 1.325900 ms  DeleteObjects: 0.014400 ms)

AssetImportParameters requested are different than current active one (requested -> active):
  custom:graphics/normal-map-encoding: 01000000000000000000000000000000 -> 02000000000000000000000000000000
========================================================================
Received Import Request.
  Time since last request: 952.561730 seconds.
  path: Assets/DodgeQuest/BulletSpawner.prefab
  artifactKey: Guid(a17b94089209a064b94f340a0bd89968) Importer(815301076,1909f56bfc062723c751e8b465ee728b)
Start importing Assets/DodgeQuest/BulletSpawner.prefab using Guid(a17b94089209a064b94f340a0bd89968) Importer(815301076,1909f56bfc062723c751e8b465ee728b)  -> (artifact id: 'ac78242d2367b41ed503966104d7c3cf') in 0.123789 seconds
  Import took 0.135226 seconds .

========================================================================
Received Prepare
Registering precompiled user dll's ...
Registered in 0.001102 seconds.
Begin MonoManager ReloadAssembly
Native extension for WindowsStandalone target not found
Refreshing native plugins compatible for Editor in 0.35 ms, found 3 plugins.
Preloading 1 native plugins for Editor in 0.08 ms.
Invoked RoslynAnalysisRunner static constructor.
RoslynAnalysisRunner will not be running.
RoslynAnalysisRunner has terminated.
NullReferenceException: Object reference not set to an instance of an object
  at Unity.XR.Oculus.OculusLoader.AssetPathToAbsolutePath (System.String assetPath) [0x00048] in C:\Users\user\Downloads\Quest2_ShootingAlien\Library\PackageCache\com.unity.xr.oculus@1.8.1\Runtime\OculusLoader.cs:243 
  at Unity.XR.Oculus.OculusLoader.EditorLoadOVRPlugin () [0x0007b] in C:\Users\user\Downloads\Quest2_ShootingAlien\Library\PackageCache\com.unity.xr.oculus@1.8.1\Runtime\OculusLoader.cs:228 

(Filename: C:/Users/user/Downloads/Quest2_ShootingAlien/Library/PackageCache/com.unity.xr.oculus@1.8.1/Runtime/OculusLoader.cs Line: 243)

Mono: successfully reloaded assembly
- Completed reload, in  0.607 seconds
Platform modules already initialized, skipping
Switching build target platform(5) subTarget(0) extendedPlatform(0) -> platform(13) subTarget(524288) extendedPlatform(0)
Refreshing native plugins compatible for Editor in 0.34 ms, found 3 plugins.
Preloading 1 native plugins for Editor in 0.07 ms.
Unloading 1641 Unused Serialized files (Serialized files now loaded: 0)
System memory in use before: 80.4 MB.
System memory in use after: 80.5 MB.

Unloading 6 unused Assets to reduce memory usage. Loaded Objects now: 2136.
Total: 1.757200 ms (FindLiveObjects: 0.185600 ms CreateObjectMapping: 0.062300 ms MarkObjects: 1.494600 ms  DeleteObjects: 0.013800 ms)

AssetImportParameters requested are different than current active one (requested -> active):
  custom:graphics/normal-map-encoding: 01000000000000000000000000000000 -> 02000000000000000000000000000000
========================================================================
Received Prepare
Registering precompiled user dll's ...
Registered in 0.001162 seconds.
Begin MonoManager ReloadAssembly
Native extension for WindowsStandalone target not found
Refreshing native plugins compatible for Editor in 0.30 ms, found 3 plugins.
Preloading 1 native plugins for Editor in 0.07 ms.
Invoked RoslynAnalysisRunner static constructor.
RoslynAnalysisRunner will not be running.
RoslynAnalysisRunner has terminated.
NullReferenceException: Object reference not set to an instance of an object
  at Unity.XR.Oculus.OculusLoader.AssetPathToAbsolutePath (System.String assetPath) [0x00048] in C:\Users\user\Downloads\Quest2_ShootingAlien\Library\PackageCache\com.unity.xr.oculus@1.8.1\Runtime\OculusLoader.cs:243 
  at Unity.XR.Oculus.OculusLoader.EditorLoadOVRPlugin () [0x0007b] in C:\Users\user\Downloads\Quest2_ShootingAlien\Library\PackageCache\com.unity.xr.oculus@1.8.1\Runtime\OculusLoader.cs:228 

(Filename: C:/Users/user/Downloads/Quest2_ShootingAlien/Library/PackageCache/com.unity.xr.oculus@1.8.1/Runtime/OculusLoader.cs Line: 243)

Mono: successfully reloaded assembly
- Completed reload, in  0.606 seconds
Platform modules already initialized, skipping
Switching build target platform(5) subTarget(0) extendedPlatform(0) -> platform(13) subTarget(524288) extendedPlatform(0)
Refreshing native plugins compatible for Editor in 0.33 ms, found 3 plugins.
Preloading 1 native plugins for Editor in 0.07 ms.
Unloading 1641 Unused Serialized files (Serialized files now loaded: 0)
System memory in use before: 80.5 MB.
System memory in use after: 80.6 MB.

Unloading 6 unused Assets to reduce memory usage. Loaded Objects now: 2140.
Total: 1.844600 ms (FindLiveObjects: 0.161700 ms CreateObjectMapping: 0.036400 ms MarkObjects: 1.629200 ms  DeleteObjects: 0.016300 ms)

AssetImportParameters requested are different than current active one (requested -> active):
  custom:graphics/normal-map-encoding: 01000000000000000000000000000000 -> 02000000000000000000000000000000
========================================================================
Received Import Request.
  Time since last request: 244.970458 seconds.
  path: Assets/DodgeQuest/BulletSpawner.cs
  artifactKey: Guid(fce9be00069120b4ba50f6e53263b74a) Importer(815301076,1909f56bfc062723c751e8b465ee728b)
Start importing Assets/DodgeQuest/BulletSpawner.cs using Guid(fce9be00069120b4ba50f6e53263b74a) Importer(815301076,1909f56bfc062723c751e8b465ee728b)  -> (artifact id: '4cd4831802814a3415afe0bc9ae36ece') in 0.010808 seconds
  Import took 0.016104 seconds .

========================================================================
Received Prepare
Registering precompiled user dll's ...
Registered in 0.001054 seconds.
Begin MonoManager ReloadAssembly
Native extension for WindowsStandalone target not found
Refreshing native plugins compatible for Editor in 0.31 ms, found 3 plugins.
Preloading 1 native plugins for Editor in 0.07 ms.
Invoked RoslynAnalysisRunner static constructor.
RoslynAnalysisRunner will not be running.
RoslynAnalysisRunner has terminated.
NullReferenceException: Object reference not set to an instance of an object
  at Unity.XR.Oculus.OculusLoader.AssetPathToAbsolutePath (System.String assetPath) [0x00048] in C:\Users\user\Downloads\Quest2_ShootingAlien\Library\PackageCache\com.unity.xr.oculus@1.8.1\Runtime\OculusLoader.cs:243 
  at Unity.XR.Oculus.OculusLoader.EditorLoadOVRPlugin () [0x0007b] in C:\Users\user\Downloads\Quest2_ShootingAlien\Library\PackageCache\com.unity.xr.oculus@1.8.1\Runtime\OculusLoader.cs:228 

(Filename: C:/Users/user/Downloads/Quest2_ShootingAlien/Library/PackageCache/com.unity.xr.oculus@1.8.1/Runtime/OculusLoader.cs Line: 243)

Mono: successfully reloaded assembly
- Completed reload, in  0.585 seconds
Platform modules already initialized, skipping
Switching build target platform(5) subTarget(0) extendedPlatform(0) -> platform(13) subTarget(524288) extendedPlatform(0)
Refreshing native plugins compatible for Editor in 0.32 ms, found 3 plugins.
Preloading 1 native plugins for Editor in 0.07 ms.
Unloading 1641 Unused Serialized files (Serialized files now loaded: 0)
System memory in use before: 80.5 MB.
System memory in use after: 80.6 MB.

Unloading 6 unused Assets to reduce memory usage. Loaded Objects now: 2144.
Total: 1.402100 ms (FindLiveObjects: 0.136000 ms CreateObjectMapping: 0.029300 ms MarkObjects: 1.224000 ms  DeleteObjects: 0.012000 ms)

AssetImportParameters requested are different than current active one (requested -> active):
  custom:graphics/normal-map-encoding: 01000000000000000000000000000000 -> 02000000000000000000000000000000
========================================================================
Received Prepare
Registering precompiled user dll's ...
Registered in 0.001459 seconds.
Begin MonoManager ReloadAssembly
Native extension for WindowsStandalone target not found
Refreshing native plugins compatible for Editor in 0.31 ms, found 3 plugins.
Preloading 1 native plugins for Editor in 0.07 ms.
Invoked RoslynAnalysisRunner static constructor.
RoslynAnalysisRunner will not be running.
RoslynAnalysisRunner has terminated.
NullReferenceException: Object reference not set to an instance of an object
  at Unity.XR.Oculus.OculusLoader.AssetPathToAbsolutePath (System.String assetPath) [0x00048] in C:\Users\user\Downloads\Quest2_ShootingAlien\Library\PackageCache\com.unity.xr.oculus@1.8.1\Runtime\OculusLoader.cs:243 
  at Unity.XR.Oculus.OculusLoader.EditorLoadOVRPlugin () [0x0007b] in C:\Users\user\Downloads\Quest2_ShootingAlien\Library\PackageCache\com.unity.xr.oculus@1.8.1\Runtime\OculusLoader.cs:228 

(Filename: C:/Users/user/Downloads/Quest2_ShootingAlien/Library/PackageCache/com.unity.xr.oculus@1.8.1/Runtime/OculusLoader.cs Line: 243)

Mono: successfully reloaded assembly
- Completed reload, in  0.666 seconds
Platform modules already initialized, skipping
Switching build target platform(5) subTarget(0) extendedPlatform(0) -> platform(13) subTarget(524288) extendedPlatform(0)
Refreshing native plugins compatible for Editor in 0.34 ms, found 3 plugins.
Preloading 1 native plugins for Editor in 0.07 ms.
Unloading 1641 Unused Serialized files (Serialized files now loaded: 0)
System memory in use before: 80.5 MB.
System memory in use after: 80.6 MB.

Unloading 6 unused Assets to reduce memory usage. Loaded Objects now: 2148.
Total: 1.639700 ms (FindLiveObjects: 0.116600 ms CreateObjectMapping: 0.031000 ms MarkObjects: 1.476400 ms  DeleteObjects: 0.014600 ms)

AssetImportParameters requested are different than current active one (requested -> active):
  custom:graphics/normal-map-encoding: 01000000000000000000000000000000 -> 02000000000000000000000000000000
========================================================================
Received Import Request.
  Time since last request: 209.308131 seconds.
  path: Assets/DodgeQuest/BulletSpawner.cs
  artifactKey: Guid(fce9be00069120b4ba50f6e53263b74a) Importer(815301076,1909f56bfc062723c751e8b465ee728b)
Start importing Assets/DodgeQuest/BulletSpawner.cs using Guid(fce9be00069120b4ba50f6e53263b74a) Importer(815301076,1909f56bfc062723c751e8b465ee728b)  -> (artifact id: 'd949efbddf7f30cf217689abc4a6d146') in 0.004244 seconds
  Import took 0.014610 seconds .

========================================================================
Received Import Request.
  Time since last request: 21.734936 seconds.
  path: Assets/DodgeQuest/Bullet.cs
  artifactKey: Guid(2688116fa94037f4cb317df5ff673a6c) Importer(815301076,1909f56bfc062723c751e8b465ee728b)
Start importing Assets/DodgeQuest/Bullet.cs using Guid(2688116fa94037f4cb317df5ff673a6c) Importer(815301076,1909f56bfc062723c751e8b465ee728b)  -> (artifact id: '934b15ede6ef82c7498f3343c82443db') in 0.007032 seconds
  Import took 0.017492 seconds .

========================================================================
Received Import Request.
  Time since last request: 0.005747 seconds.
  path: Assets/DodgeQuest/Bullet.cs
  artifactKey: Guid(2688116fa94037f4cb317df5ff673a6c) Importer(815301076,1909f56bfc062723c751e8b465ee728b)
Start importing Assets/DodgeQuest/Bullet.cs using Guid(2688116fa94037f4cb317df5ff673a6c) Importer(815301076,1909f56bfc062723c751e8b465ee728b)  -> (artifact id: '934b15ede6ef82c7498f3343c82443db') in 0.002186 seconds
  Import took 0.004996 seconds .

========================================================================
Received Prepare
Registering precompiled user dll's ...
Registered in 0.001179 seconds.
Begin MonoManager ReloadAssembly
Native extension for WindowsStandalone target not found
Refreshing native plugins compatible for Editor in 0.33 ms, found 3 plugins.
Preloading 1 native plugins for Editor in 0.08 ms.
Invoked RoslynAnalysisRunner static constructor.
RoslynAnalysisRunner will not be running.
RoslynAnalysisRunner has terminated.
NullReferenceException: Object reference not set to an instance of an object
  at Unity.XR.Oculus.OculusLoader.AssetPathToAbsolutePath (System.String assetPath) [0x00048] in C:\Users\user\Downloads\Quest2_ShootingAlien\Library\PackageCache\com.unity.xr.oculus@1.8.1\Runtime\OculusLoader.cs:243 
  at Unity.XR.Oculus.OculusLoader.EditorLoadOVRPlugin () [0x0007b] in C:\Users\user\Downloads\Quest2_ShootingAlien\Library\PackageCache\com.unity.xr.oculus@1.8.1\Runtime\OculusLoader.cs:228 

(Filename: C:/Users/user/Downloads/Quest2_ShootingAlien/Library/PackageCache/com.unity.xr.oculus@1.8.1/Runtime/OculusLoader.cs Line: 243)

Mono: successfully reloaded assembly
- Completed reload, in  0.679 seconds
Platform modules already initialized, skipping
Switching build target platform(5) subTarget(0) extendedPlatform(0) -> platform(13) subTarget(524288) extendedPlatform(0)
Refreshing native plugins compatible for Editor in 0.48 ms, found 3 plugins.
Preloading 1 native plugins for Editor in 0.07 ms.
Unloading 1641 Unused Serialized files (Serialized files now loaded: 0)
System memory in use before: 80.5 MB.
System memory in use after: 80.6 MB.

Unloading 6 unused Assets to reduce memory usage. Loaded Objects now: 2152.
Total: 1.533900 ms (FindLiveObjects: 0.124800 ms CreateObjectMapping: 0.030700 ms MarkObjects: 1.362200 ms  DeleteObjects: 0.015100 ms)

AssetImportParameters requested are different than current active one (requested -> active):
  custom:graphics/normal-map-encoding: 01000000000000000000000000000000 -> 02000000000000000000000000000000
========================================================================
Received Import Request.
  Time since last request: 44.858168 seconds.
  path: Assets/DodgeQuest/Bullet.prefab
  artifactKey: Guid(a9254b6d1e9766449a17a86932f2fa3e) Importer(815301076,1909f56bfc062723c751e8b465ee728b)
Start importing Assets/DodgeQuest/Bullet.prefab using Guid(a9254b6d1e9766449a17a86932f2fa3e) Importer(815301076,1909f56bfc062723c751e8b465ee728b)  -> (artifact id: '65d6bc3f35a21af1d830d062d885b9e3') in 0.054887 seconds
  Import took 0.058560 seconds .

========================================================================
Received Import Request.
  Time since last request: 0.001466 seconds.
  path: Assets/DodgeQuest/Bullet.prefab
  artifactKey: Guid(a9254b6d1e9766449a17a86932f2fa3e) Importer(815301076,1909f56bfc062723c751e8b465ee728b)
Start importing Assets/DodgeQuest/Bullet.prefab using Guid(a9254b6d1e9766449a17a86932f2fa3e) Importer(815301076,1909f56bfc062723c751e8b465ee728b)  -> (artifact id: '65d6bc3f35a21af1d830d062d885b9e3') in 0.007417 seconds
  Import took 0.010546 seconds .

========================================================================
Received Prepare
Registering precompiled user dll's ...
Registered in 0.001954 seconds.
Begin MonoManager ReloadAssembly
Native extension for WindowsStandalone target not found
Refreshing native plugins compatible for Editor in 0.38 ms, found 3 plugins.
Preloading 1 native plugins for Editor in 0.11 ms.
Invoked RoslynAnalysisRunner static constructor.
RoslynAnalysisRunner will not be running.
RoslynAnalysisRunner has terminated.
NullReferenceException: Object reference not set to an instance of an object
  at Unity.XR.Oculus.OculusLoader.AssetPathToAbsolutePath (System.String assetPath) [0x00048] in C:\Users\user\Downloads\Quest2_ShootingAlien\Library\PackageCache\com.unity.xr.oculus@1.8.1\Runtime\OculusLoader.cs:243 
  at Unity.XR.Oculus.OculusLoader.EditorLoadOVRPlugin () [0x0007b] in C:\Users\user\Downloads\Quest2_ShootingAlien\Library\PackageCache\com.unity.xr.oculus@1.8.1\Runtime\OculusLoader.cs:228 

(Filename: C:/Users/user/Downloads/Quest2_ShootingAlien/Library/PackageCache/com.unity.xr.oculus@1.8.1/Runtime/OculusLoader.cs Line: 243)

Mono: successfully reloaded assembly
- Completed reload, in  0.761 seconds
Platform modules already initialized, skipping
Switching build target platform(5) subTarget(0) extendedPlatform(0) -> platform(13) subTarget(524288) extendedPlatform(0)
Refreshing native plugins compatible for Editor in 0.35 ms, found 3 plugins.
Preloading 1 native plugins for Editor in 0.09 ms.
Unloading 1641 Unused Serialized files (Serialized files now loaded: 0)
System memory in use before: 80.5 MB.
System memory in use after: 80.6 MB.

Unloading 6 unused Assets to reduce memory usage. Loaded Objects now: 2157.
Total: 2.424300 ms (FindLiveObjects: 0.229700 ms CreateObjectMapping: 0.072900 ms MarkObjects: 2.104100 ms  DeleteObjects: 0.016100 ms)

AssetImportParameters requested are different than current active one (requested -> active):
  custom:graphics/normal-map-encoding: 01000000000000000000000000000000 -> 02000000000000000000000000000000
========================================================================
Received Import Request.
  Time since last request: 13.281415 seconds.
  path: Assets/DodgeQuest/Bullet.prefab
  artifactKey: Guid(a9254b6d1e9766449a17a86932f2fa3e) Importer(815301076,1909f56bfc062723c751e8b465ee728b)
Start importing Assets/DodgeQuest/Bullet.prefab using Guid(a9254b6d1e9766449a17a86932f2fa3e) Importer(815301076,1909f56bfc062723c751e8b465ee728b)  -> (artifact id: '0072f7f92e7502020a2606f3b7ccc7a7') in 0.053910 seconds
  Import took 0.064582 seconds .

========================================================================
Received Prepare
Registering precompiled user dll's ...
Registered in 0.001148 seconds.
Begin MonoManager ReloadAssembly
Native extension for WindowsStandalone target not found
Refreshing native plugins compatible for Editor in 0.32 ms, found 3 plugins.
Preloading 1 native plugins for Editor in 0.08 ms.
Invoked RoslynAnalysisRunner static constructor.
RoslynAnalysisRunner will not be running.
RoslynAnalysisRunner has terminated.
NullReferenceException: Object reference not set to an instance of an object
  at Unity.XR.Oculus.OculusLoader.AssetPathToAbsolutePath (System.String assetPath) [0x00048] in C:\Users\user\Downloads\Quest2_ShootingAlien\Library\PackageCache\com.unity.xr.oculus@1.8.1\Runtime\OculusLoader.cs:243 
  at Unity.XR.Oculus.OculusLoader.EditorLoadOVRPlugin () [0x0007b] in C:\Users\user\Downloads\Quest2_ShootingAlien\Library\PackageCache\com.unity.xr.oculus@1.8.1\Runtime\OculusLoader.cs:228 

(Filename: C:/Users/user/Downloads/Quest2_ShootingAlien/Library/PackageCache/com.unity.xr.oculus@1.8.1/Runtime/OculusLoader.cs Line: 243)

Mono: successfully reloaded assembly
- Completed reload, in  0.613 seconds
Platform modules already initialized, skipping
Switching build target platform(5) subTarget(0) extendedPlatform(0) -> platform(13) subTarget(524288) extendedPlatform(0)
Refreshing native plugins compatible for Editor in 0.35 ms, found 3 plugins.
Preloading 1 native plugins for Editor in 0.06 ms.
Unloading 1641 Unused Serialized files (Serialized files now loaded: 0)
System memory in use before: 80.5 MB.
System memory in use after: 80.6 MB.

Unloading 6 unused Assets to reduce memory usage. Loaded Objects now: 2162.
Total: 2.382100 ms (FindLiveObjects: 0.263000 ms CreateObjectMapping: 0.051700 ms MarkObjects: 2.047500 ms  DeleteObjects: 0.018800 ms)

AssetImportParameters requested are different than current active one (requested -> active):
  custom:graphics/normal-map-encoding: 01000000000000000000000000000000 -> 02000000000000000000000000000000
========================================================================
Received Import Request.
  Time since last request: 77.015664 seconds.
  path: Assets/Scripts/PlayerBullet.cs
  artifactKey: Guid(4de04bc10f4211141bbe027a49b7ccd2) Importer(815301076,1909f56bfc062723c751e8b465ee728b)
Start importing Assets/Scripts/PlayerBullet.cs using Guid(4de04bc10f4211141bbe027a49b7ccd2) Importer(815301076,1909f56bfc062723c751e8b465ee728b)  -> (artifact id: '400c9570b84607b2a9cb920921678050') in 0.011386 seconds
  Import took 0.022255 seconds .

========================================================================
Received Import Request.
  Time since last request: 0.003410 seconds.
  path: Assets/Scripts/PlayerBullet.cs
  artifactKey: Guid(4de04bc10f4211141bbe027a49b7ccd2) Importer(815301076,1909f56bfc062723c751e8b465ee728b)
Start importing Assets/Scripts/PlayerBullet.cs using Guid(4de04bc10f4211141bbe027a49b7ccd2) Importer(815301076,1909f56bfc062723c751e8b465ee728b)  -> (artifact id: '400c9570b84607b2a9cb920921678050') in 0.001968 seconds
  Import took 0.004957 seconds .

========================================================================
Received Prepare
Registering precompiled user dll's ...
Registered in 0.001183 seconds.
Begin MonoManager ReloadAssembly
Native extension for WindowsStandalone target not found
Refreshing native plugins compatible for Editor in 0.31 ms, found 3 plugins.
Preloading 1 native plugins for Editor in 0.07 ms.
Invoked RoslynAnalysisRunner static constructor.
RoslynAnalysisRunner will not be running.
RoslynAnalysisRunner has terminated.
NullReferenceException: Object reference not set to an instance of an object
  at Unity.XR.Oculus.OculusLoader.AssetPathToAbsolutePath (System.String assetPath) [0x00048] in C:\Users\user\Downloads\Quest2_ShootingAlien\Library\PackageCache\com.unity.xr.oculus@1.8.1\Runtime\OculusLoader.cs:243 
  at Unity.XR.Oculus.OculusLoader.EditorLoadOVRPlugin () [0x0007b] in C:\Users\user\Downloads\Quest2_ShootingAlien\Library\PackageCache\com.unity.xr.oculus@1.8.1\Runtime\OculusLoader.cs:228 

(Filename: C:/Users/user/Downloads/Quest2_ShootingAlien/Library/PackageCache/com.unity.xr.oculus@1.8.1/Runtime/OculusLoader.cs Line: 243)

Mono: successfully reloaded assembly
- Completed reload, in  0.646 seconds
Platform modules already initialized, skipping
Switching build target platform(5) subTarget(0) extendedPlatform(0) -> platform(13) subTarget(524288) extendedPlatform(0)
Refreshing native plugins compatible for Editor in 0.52 ms, found 3 plugins.
Preloading 1 native plugins for Editor in 0.12 ms.
Unloading 1641 Unused Serialized files (Serialized files now loaded: 0)
System memory in use before: 80.5 MB.
System memory in use after: 80.6 MB.

Unloading 6 unused Assets to reduce memory usage. Loaded Objects now: 2166.
Total: 1.929400 ms (FindLiveObjects: 0.153600 ms CreateObjectMapping: 0.029200 ms MarkObjects: 1.733200 ms  DeleteObjects: 0.012400 ms)

AssetImportParameters requested are different than current active one (requested -> active):
  custom:graphics/normal-map-encoding: 01000000000000000000000000000000 -> 02000000000000000000000000000000
========================================================================
Received Import Request.
  Time since last request: 56.133566 seconds.
  path: Assets/Scripts/PlayerBullet.cs
  artifactKey: Guid(4de04bc10f4211141bbe027a49b7ccd2) Importer(815301076,1909f56bfc062723c751e8b465ee728b)
Start importing Assets/Scripts/PlayerBullet.cs using Guid(4de04bc10f4211141bbe027a49b7ccd2) Importer(815301076,1909f56bfc062723c751e8b465ee728b)  -> (artifact id: 'c28906709e9905a85880a279a4918efc') in 0.010709 seconds
  Import took 0.013416 seconds .

========================================================================
Received Import Request.
  Time since last request: 63.791877 seconds.
  path: Assets/DodgeQuest/Bullet.prefab
  artifactKey: Guid(a9254b6d1e9766449a17a86932f2fa3e) Importer(815301076,1909f56bfc062723c751e8b465ee728b)
Start importing Assets/DodgeQuest/Bullet.prefab using Guid(a9254b6d1e9766449a17a86932f2fa3e) Importer(815301076,1909f56bfc062723c751e8b465ee728b)  -> (artifact id: 'd6890c8c7efe97e817271ea2514e68e0') in 0.041013 seconds
  Import took 0.051636 seconds .

========================================================================
Received Prepare
Registering precompiled user dll's ...
Registered in 0.001120 seconds.
Begin MonoManager ReloadAssembly
Native extension for WindowsStandalone target not found
Refreshing native plugins compatible for Editor in 0.37 ms, found 3 plugins.
Preloading 1 native plugins for Editor in 0.11 ms.
Invoked RoslynAnalysisRunner static constructor.
RoslynAnalysisRunner will not be running.
RoslynAnalysisRunner has terminated.
NullReferenceException: Object reference not set to an instance of an object
  at Unity.XR.Oculus.OculusLoader.AssetPathToAbsolutePath (System.String assetPath) [0x00048] in C:\Users\user\Downloads\Quest2_ShootingAlien\Library\PackageCache\com.unity.xr.oculus@1.8.1\Runtime\OculusLoader.cs:243 
  at Unity.XR.Oculus.OculusLoader.EditorLoadOVRPlugin () [0x0007b] in C:\Users\user\Downloads\Quest2_ShootingAlien\Library\PackageCache\com.unity.xr.oculus@1.8.1\Runtime\OculusLoader.cs:228 

(Filename: C:/Users/user/Downloads/Quest2_ShootingAlien/Library/PackageCache/com.unity.xr.oculus@1.8.1/Runtime/OculusLoader.cs Line: 243)

Mono: successfully reloaded assembly
- Completed reload, in  0.772 seconds
Platform modules already initialized, skipping
Switching build target platform(5) subTarget(0) extendedPlatform(0) -> platform(13) subTarget(524288) extendedPlatform(0)
Refreshing native plugins compatible for Editor in 0.36 ms, found 3 plugins.
Preloading 1 native plugins for Editor in 0.12 ms.
Unloading 1641 Unused Serialized files (Serialized files now loaded: 0)
System memory in use before: 80.5 MB.
System memory in use after: 80.6 MB.

Unloading 6 unused Assets to reduce memory usage. Loaded Objects now: 2171.
Total: 1.827500 ms (FindLiveObjects: 0.150300 ms CreateObjectMapping: 0.032400 ms MarkObjects: 1.625400 ms  DeleteObjects: 0.018200 ms)

AssetImportParameters requested are different than current active one (requested -> active):
  custom:graphics/normal-map-encoding: 01000000000000000000000000000000 -> 02000000000000000000000000000000
========================================================================
Received Import Request.
  Time since last request: 10.975125 seconds.
  path: Assets/DodgeQuest/Bullet.prefab
  artifactKey: Guid(a9254b6d1e9766449a17a86932f2fa3e) Importer(815301076,1909f56bfc062723c751e8b465ee728b)
Start importing Assets/DodgeQuest/Bullet.prefab using Guid(a9254b6d1e9766449a17a86932f2fa3e) Importer(815301076,1909f56bfc062723c751e8b465ee728b)  -> (artifact id: 'dd25df5528b9ada5150044b07e3da4bc') in 0.054222 seconds
  Import took 0.057387 seconds .

========================================================================
Received Prepare
Refreshing native plugins compatible for Editor in 0.73 ms, found 3 plugins.
Preloading 1 native plugins for Editor in 0.06 ms.
Unloading 3 Unused Serialized files (Serialized files now loaded: 0)
System memory in use before: 48.3 MB.
System memory in use after: 48.4 MB.

Unloading 2 unused Assets to reduce memory usage. Loaded Objects now: 2172.
Total: 3.512700 ms (FindLiveObjects: 0.286800 ms CreateObjectMapping: 0.095000 ms MarkObjects: 3.109200 ms  DeleteObjects: 0.019800 ms)

AssetImportWorkerClient::OnTransportError - code=2 error=End of file
